info @storybook/react v6.5.9
info 
info => Cleaning outputDir: /var/folders/8g/jd8wn6z52r96_k7hmyk375540000gn/T/chromatic--46865-H0V3Upi9FF2p
(node:47319) DeprecationWarning: --static-dir CLI flag is deprecated, see:

https://github.com/storybookjs/storybook/blob/next/MIGRATION.md#deprecated---static-dir-cli-flag
(Use `node --trace-deprecation ...` to show where the warning was created)
info => Loading presets
info => Copying static files: ./public => ./
info => Compiling manager..
info => Compiling preview..
info Addon-docs: using MDX1
info => Loading Webpack configuration from `node_modules/react-scripts`
info => Removing existing JavaScript and TypeScript rules.
info => Modifying Create React App rules.
info => Using default Webpack5 setup
<s> [webpack.Progress] 0% 

<s> [webpack.Progress] 1% setup before run
<s> [webpack.Progress] 1% setup before run NodeEnvironmentPlugin
<s> [webpack.Progress] 1% setup before run
<s> [webpack.Progress] 2% setup run
<s> [webpack.Progress] 2% setup run ForkTsCheckerWebpackPlugin
<s> [webpack.Progress] 2% setup run ESLintWebpackPlugin_1
<s> [webpack.Progress] 2% setup run
<s> [webpack.Progress] 4% setup normal module factory
<s> [webpack.Progress] 4% setup normal module factory CaseSensitivePathsPlugin
<s> [webpack.Progress] 4% setup normal module factory ModuleNotFoundPlugin
<s> [webpack.Progress] 4% setup normal module factory IgnorePlugin
<s> [webpack.Progress] 4% setup normal module factory
<s> [webpack.Progress] 5% setup context module factory
<s> [webpack.Progress] 5% setup context module factory IgnorePlugin
<s> [webpack.Progress] 5% setup context module factory
<s> [webpack.Progress] 6% setup before compile
<s> [webpack.Progress] 6% setup before compile ProgressPlugin
<s> [webpack.Progress] 6% setup before compile
<s> [webpack.Progress] 7% setup compile
<s> [webpack.Progress] 7% setup compile ExternalsPlugin
<s> [webpack.Progress] 7% setup compile
<s> [webpack.Progress] 8% setup compilation
<s> [webpack.Progress] 8% setup compilation mini-css-extract-plugin
<s> [webpack.Progress] 8% setup compilation ArrayPushCallbackChunkFormatPlugin
<s> [webpack.Progress] 8% setup compilation JsonpChunkLoadingPlugin
<s> [webpack.Progress] 8% setup compilation StartupChunkDependenciesPlugin
<s> [webpack.Progress] 8% setup compilation ImportScriptsChunkLoadingPlugin
<s> [webpack.Progress] 8% setup compilation FetchCompileWasmPlugin
<s> [webpack.Progress] 8% setup compilation FetchCompileAsyncWasmPlugin
<s> [webpack.Progress] 8% setup compilation WorkerPlugin
<s> [webpack.Progress] 8% setup compilation SplitChunksPlugin
<s> [webpack.Progress] 8% setup compilation RuntimeChunkPlugin
<s> [webpack.Progress] 8% setup compilation ResolverCachePlugin
<s> [webpack.Progress] 8% setup compilation HtmlWebpackPlugin
<s> [webpack.Progress] 8% setup compilation
<s> [webpack.Progress] 9% setup compilation
<s> [webpack.Progress] 9% setup compilation DefinePlugin
<s> [webpack.Progress] 9% setup compilation ProvidePlugin
<s> [webpack.Progress] 9% setup compilation ProgressPlugin
<s> [webpack.Progress] 9% setup compilation InlineChunkHtmlPlugin
<s> [webpack.Progress] 9% setup compilation InterpolateHtmlPlugin
<s> [webpack.Progress] 9% setup compilation mini-css-extract-plugin
<s> [webpack.Progress] 9% setup compilation ForkTsCheckerWebpackPlugin
<s> [webpack.Progress] 9% setup compilation DocGenPlugin
<s> [webpack.Progress] 9% setup compilation ChunkPrefetchPreloadPlugin
<s> [webpack.Progress] 9% setup compilation SourceMapDevToolPlugin
<s> [webpack.Progress] 9% setup compilation JavascriptModulesPlugin
<s> [webpack.Progress] 9% setup compilation JsonModulesPlugin
<s> [webpack.Progress] 9% setup compilation AssetModulesPlugin
<s> [webpack.Progress] 9% setup compilation EntryPlugin
<s> [webpack.Progress] 9% setup compilation EntryPlugin
<s> [webpack.Progress] 9% setup compilation EntryPlugin
<s> [webpack.Progress] 9% setup compilation EntryPlugin
<s> [webpack.Progress] 9% setup compilation EntryPlugin
<s> [webpack.Progress] 9% setup compilation EntryPlugin
<s> [webpack.Progress] 9% setup compilation EntryPlugin
<s> [webpack.Progress] 9% setup compilation EntryPlugin
<s> [webpack.Progress] 9% setup compilation EntryPlugin
<s> [webpack.Progress] 9% setup compilation EntryPlugin
<s> [webpack.Progress] 9% setup compilation EntryPlugin
<s> [webpack.Progress] 9% setup compilation EntryPlugin
<s> [webpack.Progress] 9% setup compilation EntryPlugin
<s> [webpack.Progress] 9% setup compilation EntryPlugin
<s> [webpack.Progress] 9% setup compilation RuntimePlugin
<s> [webpack.Progress] 9% setup compilation InferAsyncModulesPlugin
<s> [webpack.Progress] 9% setup compilation DataUriPlugin
<s> [webpack.Progress] 9% setup compilation FileUriPlugin
<s> [webpack.Progress] 9% setup compilation CompatibilityPlugin
<s> [webpack.Progress] 9% setup compilation HarmonyModulesPlugin
<s> [webpack.Progress] 9% setup compilation AMDPlugin
<s> [webpack.Progress] 9% setup compilation RequireJsStuffPlugin
<s> [webpack.Progress] 9% setup compilation CommonJsPlugin
<s> [webpack.Progress] 9% setup compilation LoaderPlugin
<s> [webpack.Progress] 9% setup compilation LoaderPlugin
<s> [webpack.Progress] 9% setup compilation NodeStuffPlugin
<s> [webpack.Progress] 9% setup compilation APIPlugin
<s> [webpack.Progress] 9% setup compilation ExportsInfoApiPlugin
<s> [webpack.Progress] 9% setup compilation WebpackIsIncludedPlugin
<s> [webpack.Progress] 9% setup compilation ConstPlugin
<s> [webpack.Progress] 9% setup compilation UseStrictPlugin
<s> [webpack.Progress] 9% setup compilation RequireIncludePlugin
<s> [webpack.Progress] 9% setup compilation RequireEnsurePlugin
<s> [webpack.Progress] 9% setup compilation RequireContextPlugin
<s> [webpack.Progress] 9% setup compilation ImportPlugin
<s> [webpack.Progress] 9% setup compilation RequireContextPlugin
<s> [webpack.Progress] 9% setup compilation SystemPlugin
<s> [webpack.Progress] 9% setup compilation ImportMetaPlugin
<s> [webpack.Progress] 9% setup compilation URLPlugin
<s> [webpack.Progress] 9% setup compilation DefaultStatsFactoryPlugin
<s> [webpack.Progress] 9% setup compilation DefaultStatsPresetPlugin
<s> [webpack.Progress] 9% setup compilation DefaultStatsPrinterPlugin
<s> [webpack.Progress] 9% setup compilation JavascriptMetaInfoPlugin
<s> [webpack.Progress] 9% setup compilation EnsureChunkConditionsPlugin
<s> [webpack.Progress] 9% setup compilation RemoveEmptyChunksPlugin
<s> [webpack.Progress] 9% setup compilation MergeDuplicateChunksPlugin
<s> [webpack.Progress] 9% setup compilation FlagIncludedChunksPlugin
<s> [webpack.Progress] 9% setup compilation SideEffectsFlagPlugin
<s> [webpack.Progress] 9% setup compilation FlagDependencyExportsPlugin
<s> [webpack.Progress] 9% setup compilation FlagDependencyUsagePlugin
<s> [webpack.Progress] 9% setup compilation InnerGraphPlugin
<s> [webpack.Progress] 9% setup compilation MangleExportsPlugin
<s> [webpack.Progress] 9% setup compilation ModuleConcatenationPlugin
<s> [webpack.Progress] 9% setup compilation NoEmitOnErrorsPlugin
<s> [webpack.Progress] 9% setup compilation RealContentHashPlugin
<s> [webpack.Progress] 9% setup compilation WasmFinalizeExportsPlugin
<s> [webpack.Progress] 9% setup compilation NamedModuleIdsPlugin
<s> [webpack.Progress] 9% setup compilation DeterministicChunkIdsPlugin
<s> [webpack.Progress] 9% setup compilation DefinePlugin
<s> [webpack.Progress] 9% setup compilation TerserPlugin
<s> [webpack.Progress] 9% setup compilation TemplatedPathPlugin
<s> [webpack.Progress] 9% setup compilation RecordIdsPlugin
<s> [webpack.Progress] 9% setup compilation WarnCaseSensitiveModulesPlugin
<s> [webpack.Progress] 9% setup compilation IgnoreWarningsPlugin
<s> [webpack.Progress] 9% setup compilation ESLintWebpackPlugin_1
<s> [webpack.Progress] 9% setup compilation
<s> [webpack.Progress] 10% building
<s> [webpack.Progress] 10% building 0/1 entries 0/0 dependencies 0/0 modules
<s> [webpack.Progress] 10% building import loader ./node_modules/babel-loader/lib/index.js
<s> [webpack.Progress] 10% building import loader ./node_modules/source-map-loader/dist/cjs.js
<s> [webpack.Progress] 10% building 0/14 entries 13/33 dependencies 0/12 modules
<s> [webpack.Progress] 10% building import loader ./node_modules/@storybook/mdx1-csf/loader.js
<s> [webpack.Progress] 10% building 0/14 entries 28/51 dependencies 0/25 modules
<s> [webpack.Progress] 10% building import loader ./node_modules/@storybook/source-loader/dist/cjs/index.js
<s> [webpack.Progress] 10% building 0/14 entries 31/51 dependencies 0/28 modules
<s> [webpack.Progress] 10% building 0/14 entries 43/89 dependencies 0/39 modules
<s> [webpack.Progress] 10% building import loader ./node_modules/@svgr/webpack/lib/index.js
<s> [webpack.Progress] 10% building import loader ./node_modules/file-loader/dist/cjs.js
<s> [webpack.Progress] 10% building 0/14 entries 76/126 dependencies 4/60 modules
<s> [webpack.Progress] 13% building 1/14 entries 81/181 dependencies 6/64 modules
<s> [webpack.Progress] 13% building 1/14 entries 300/403 dependencies 9/170 modules
<s> [webpack.Progress] 13% building import loader ./node_modules/mini-css-extract-plugin/dist/loader.js
<s> [webpack.Progress] 13% building import loader ./node_modules/css-loader/dist/cjs.js
<s> [webpack.Progress] 13% building import loader ./node_modules/postcss-loader/dist/cjs.js
<s> [webpack.Progress] 13% building 1/14 entries 700/724 dependencies 23/302 modules
<s> [webpack.Progress] 13% building 1/14 entries 890/1022 dependencies 48/315 modules
<s> [webpack.Progress] 13% building 1/14 entries 1200/1418 dependencies 75/380 modules
<s> [webpack.Progress] 13% building 1/14 entries 1300/1418 dependencies 78/393 modules
<s> [webpack.Progress] 13% building 1/14 entries 1444/1600 dependencies 116/414 modules
<s> [webpack.Progress] 13% building 1/14 entries 1647/1800 dependencies 183/444 modules
<s> [webpack.Progress] 13% building 1/14 entries 2280/2400 dependencies 298/522 modules
<s> [webpack.Progress] 14% building 1/14 entries 2576/2900 dependencies 367/573 modules
<s> [webpack.Progress] 14% building 1/14 entries 3257/3300 dependencies 437/743 modules
<s> [webpack.Progress] 16% building 1/14 entries 3931/4000 dependencies 632/935 modules
<s> [webpack.Progress] 20% building 1/14 entries 4567/4600 dependencies 931/1215 modules
<s> [webpack.Progress] 23% building 2/14 entries 5038/5059 dependencies 1182/1299 modules
<s> [webpack.Progress] 23% building 3/14 entries 5038/5059 dependencies 1182/1299 modules
<s> [webpack.Progress] 25% building 4/14 entries 5038/5059 dependencies 1182/1299 modules
<s> [webpack.Progress] 29% building 5/14 entries 5038/5059 dependencies 1182/1299 modules
<s> [webpack.Progress] 33% building 6/14 entries 5038/5059 dependencies 1182/1299 modules
<s> [webpack.Progress] 37% building 7/14 entries 5038/5059 dependencies 1182/1299 modules
<s> [webpack.Progress] 41% building 8/14 entries 5038/5059 dependencies 1182/1299 modules
<s> [webpack.Progress] 45% building 9/14 entries 5038/5059 dependencies 1182/1299 modules
<s> [webpack.Progress] 45% building 9/14 entries 5100/5133 dependencies 1213/1306 modules
<s> [webpack.Progress] 49% building 10/14 entries 5126/5135 dependencies 1230/1325 modules
<s> [webpack.Progress] 53% building 11/14 entries 5223/5228 dependencies 1313/1346 modules
<s> [webpack.Progress] 57% building 12/14 entries 5231/5231 dependencies 1334/1352 modules
<s> [webpack.Progress] 61% building 13/14 entries 5231/5231 dependencies 1334/1352 modules
<s> [webpack.Progress] 65% building 14/14 entries 5236/5236 dependencies 1352/1352 modules
<s> [webpack.Progress] 65% building
<s> [webpack.Progress] 69% building finish
<s> [webpack.Progress] 69% building finish
<s> [webpack.Progress] 70% sealing finish module graph
<s> [webpack.Progress] 70% sealing finish module graph ResolverCachePlugin
<s> [webpack.Progress] 70% sealing finish module graph InferAsyncModulesPlugin
<s> [webpack.Progress] 70% sealing finish module graph FlagDependencyExportsPlugin
<s> [webpack.Progress] 70% sealing finish module graph InnerGraphPlugin
<s> [webpack.Progress] 70% sealing finish module graph WasmFinalizeExportsPlugin
<s> [webpack.Progress] 70% sealing finish module graph ESLintWebpackPlugin_1
<s> [webpack.Progress] 70% sealing finish module graph
<s> [webpack.Progress] 70% sealing plugins
<s> [webpack.Progress] 70% sealing plugins DocGenPlugin
<s> [webpack.Progress] 70% sealing plugins WarnCaseSensitiveModulesPlugin
<s> [webpack.Progress] 70% sealing plugins
<s> [webpack.Progress] 71% sealing dependencies optimization
<s> [webpack.Progress] 71% sealing dependencies optimization SideEffectsFlagPlugin
<s> [webpack.Progress] 71% sealing dependencies optimization FlagDependencyUsagePlugin
<s> [webpack.Progress] 71% sealing dependencies optimization
<s> [webpack.Progress] 71% sealing after dependencies optimization
<s> [webpack.Progress] 71% sealing after dependencies optimization
<s> [webpack.Progress] 72% sealing chunk graph
<s> [webpack.Progress] 72% sealing chunk graph
<s> [webpack.Progress] 73% sealing after chunk graph
<s> [webpack.Progress] 73% sealing after chunk graph
<s> [webpack.Progress] 73% sealing optimizing
<s> [webpack.Progress] 73% sealing optimizing
<s> [webpack.Progress] 74% sealing module optimization
<s> [webpack.Progress] 74% sealing module optimization
<s> [webpack.Progress] 75% sealing after module optimization
<s> [webpack.Progress] 75% sealing after module optimization
<s> [webpack.Progress] 75% sealing chunk optimization
<s> [webpack.Progress] 75% sealing chunk optimization EnsureChunkConditionsPlugin
<s> [webpack.Progress] 75% sealing chunk optimization RemoveEmptyChunksPlugin
<s> [webpack.Progress] 75% sealing chunk optimization MergeDuplicateChunksPlugin
<s> [webpack.Progress] 75% sealing chunk optimization SplitChunksPlugin
<s> [webpack.Progress] 75% sealing chunk optimization RemoveEmptyChunksPlugin
<s> [webpack.Progress] 75% sealing chunk optimization
<s> [webpack.Progress] 76% sealing after chunk optimization
<s> [webpack.Progress] 76% sealing after chunk optimization
<s> [webpack.Progress] 77% sealing module and chunk tree optimization
<s> [webpack.Progress] 77% sealing module and chunk tree optimization PersistentChildCompilerSingletonPlugin
<s> [webpack.Progress] 77% sealing module and chunk tree optimization
<s> [webpack.Progress] 77% sealing after module and chunk tree optimization
<s> [webpack.Progress] 77% sealing after module and chunk tree optimization
<s> [webpack.Progress] 78% sealing chunk modules optimization
<s> [webpack.Progress] 78% sealing chunk modules optimization ModuleConcatenationPlugin
<s> [webpack.Progress] 78% sealing chunk modules optimization
<s> [webpack.Progress] 78% sealing after chunk modules optimization
<s> [webpack.Progress] 78% sealing after chunk modules optimization
<s> [webpack.Progress] 79% sealing module reviving
<s> [webpack.Progress] 79% sealing module reviving RecordIdsPlugin
<s> [webpack.Progress] 79% sealing module reviving
<s> [webpack.Progress] 80% sealing before module ids
<s> [webpack.Progress] 80% sealing before module ids
<s> [webpack.Progress] 80% sealing module ids
<s> [webpack.Progress] 80% sealing module ids NamedModuleIdsPlugin
<s> [webpack.Progress] 80% sealing module ids
<s> [webpack.Progress] 81% sealing module id optimization
<s> [webpack.Progress] 81% sealing module id optimization
<s> [webpack.Progress] 82% sealing module id optimization
<s> [webpack.Progress] 82% sealing module id optimization
<s> [webpack.Progress] 82% sealing chunk reviving
<s> [webpack.Progress] 82% sealing chunk reviving RecordIdsPlugin
<s> [webpack.Progress] 82% sealing chunk reviving
<s> [webpack.Progress] 83% sealing before chunk ids
<s> [webpack.Progress] 83% sealing before chunk ids
<s> [webpack.Progress] 84% sealing chunk ids
<s> [webpack.Progress] 84% sealing chunk ids DeterministicChunkIdsPlugin
<s> [webpack.Progress] 84% sealing chunk ids
<s> [webpack.Progress] 84% sealing chunk id optimization
<s> [webpack.Progress] 84% sealing chunk id optimization FlagIncludedChunksPlugin
<s> [webpack.Progress] 84% sealing chunk id optimization
<s> [webpack.Progress] 85% sealing after chunk id optimization
<s> [webpack.Progress] 85% sealing after chunk id optimization
<s> [webpack.Progress] 86% sealing record modules
<s> [webpack.Progress] 86% sealing record modules RecordIdsPlugin
<s> [webpack.Progress] 86% sealing record modules
<s> [webpack.Progress] 86% sealing record chunks
<s> [webpack.Progress] 86% sealing record chunks RecordIdsPlugin
<s> [webpack.Progress] 86% sealing record chunks
<s> [webpack.Progress] 87% sealing module hashing
<s> [webpack.Progress] 87% sealing module hashing
<s> [webpack.Progress] 87% sealing code generation
<s> [webpack.Progress] 87% sealing code generation
<s> [webpack.Progress] 88% sealing runtime requirements
<s> [webpack.Progress] 88% sealing runtime requirements
<s> [webpack.Progress] 89% sealing hashing
<s> [webpack.Progress] 89% sealing hashing
<s> [webpack.Progress] 89% sealing after hashing
<s> [webpack.Progress] 89% sealing after hashing
<s> [webpack.Progress] 90% sealing record hash
<s> [webpack.Progress] 90% sealing record hash
<s> [webpack.Progress] 91% sealing module assets processing
<s> [webpack.Progress] 91% sealing module assets processing
<s> [webpack.Progress] 91% sealing chunk assets processing
<s> [webpack.Progress] 91% sealing chunk assets processing
<s> [webpack.Progress] 92% sealing asset processing
<s> [webpack.Progress] 92% sealing asset processing ESLintWebpackPlugin_1
<s> [webpack.Progress] 92% sealing asset processing PersistentChildCompilerSingletonPlugin
<s> [webpack.Progress] 92% sealing asset processing TerserPlugin
info => Manager built (25 s)
<s> [webpack.Progress] 92% sealing asset processing SourceMapDevToolPlugin
<s> [webpack.Progress] 92% sealing asset processing SourceMapDevToolPlugin
<s> [webpack.Progress] 92% sealing asset processing SourceMapDevToolPlugin static/css/main.3c356b4a.css generate SourceMap
<s> [webpack.Progress] 92% sealing asset processing SourceMapDevToolPlugin static/css/main.3c356b4a.css generated SourceMap
<s> [webpack.Progress] 92% sealing asset processing SourceMapDevToolPlugin main.437ccbd9.iframe.bundle.js generate SourceMap
<s> [webpack.Progress] 92% sealing asset processing SourceMapDevToolPlugin main.437ccbd9.iframe.bundle.js generated SourceMap
<s> [webpack.Progress] 92% sealing asset processing SourceMapDevToolPlugin runtime~main.35165312.iframe.bundle.js generate SourceMap
<s> [webpack.Progress] 92% sealing asset processing SourceMapDevToolPlugin runtime~main.35165312.iframe.bundle.js generated SourceMap
<s> [webpack.Progress] 92% sealing asset processing SourceMapDevToolPlugin 701.4cf8acc5.iframe.bundle.js generate SourceMap
<s> [webpack.Progress] 92% sealing asset processing SourceMapDevToolPlugin 701.4cf8acc5.iframe.bundle.js generated SourceMap
<s> [webpack.Progress] 92% sealing asset processing SourceMapDevToolPlugin 745.0822e919.iframe.bundle.js generate SourceMap
<s> [webpack.Progress] 92% sealing asset processing SourceMapDevToolPlugin 745.0822e919.iframe.bundle.js generated SourceMap
<s> [webpack.Progress] 92% sealing asset processing SourceMapDevToolPlugin 210.bfd38e94.iframe.bundle.js generate SourceMap
<s> [webpack.Progress] 92% sealing asset processing SourceMapDevToolPlugin 210.bfd38e94.iframe.bundle.js generated SourceMap
<s> [webpack.Progress] 92% sealing asset processing SourceMapDevToolPlugin 566.588fd9e9.iframe.bundle.js generate SourceMap
<s> [webpack.Progress] 92% sealing asset processing SourceMapDevToolPlugin 566.588fd9e9.iframe.bundle.js generated SourceMap
<s> [webpack.Progress] 92% sealing asset processing SourceMapDevToolPlugin 551.e6d42ba6.iframe.bundle.js generate SourceMap
<s> [webpack.Progress] 92% sealing asset processing SourceMapDevToolPlugin 551.e6d42ba6.iframe.bundle.js generated SourceMap
<s> [webpack.Progress] 92% sealing asset processing SourceMapDevToolPlugin 142.7e1b3275.iframe.bundle.js generate SourceMap
<s> [webpack.Progress] 92% sealing asset processing SourceMapDevToolPlugin 142.7e1b3275.iframe.bundle.js generated SourceMap
<s> [webpack.Progress] 92% sealing asset processing SourceMapDevToolPlugin 725.19bc9e17.iframe.bundle.js generate SourceMap
<s> [webpack.Progress] 92% sealing asset processing SourceMapDevToolPlugin 725.19bc9e17.iframe.bundle.js generated SourceMap
<s> [webpack.Progress] 92% sealing asset processing SourceMapDevToolPlugin 32.aa4bd255.iframe.bundle.js generate SourceMap
<s> [webpack.Progress] 92% sealing asset processing SourceMapDevToolPlugin 32.aa4bd255.iframe.bundle.js generated SourceMap
<s> [webpack.Progress] 92% sealing asset processing SourceMapDevToolPlugin 193.3daedc22.iframe.bundle.js generate SourceMap
<s> [webpack.Progress] 92% sealing asset processing SourceMapDevToolPlugin 193.3daedc22.iframe.bundle.js generated SourceMap
<s> [webpack.Progress] 92% sealing asset processing SourceMapDevToolPlugin resolve sources
<s> [webpack.Progress] 92% sealing asset processing SourceMapDevToolPlugin static/css/main.3c356b4a.css attach SourceMap
<s> [webpack.Progress] 92% sealing asset processing SourceMapDevToolPlugin static/css/main.3c356b4a.css attached SourceMap
<s> [webpack.Progress] 92% sealing asset processing SourceMapDevToolPlugin
<s> [webpack.Progress] 92% sealing asset processing SourceMapDevToolPlugin
<s> [webpack.Progress] 92% sealing asset processing SourceMapDevToolPlugin resolve sources
<s> [webpack.Progress] 92% sealing asset processing SourceMapDevToolPlugin
<s> [webpack.Progress] 92% sealing asset processing HtmlWebpackPlugin
<s> [webpack.Progress] 92% sealing asset processing HtmlWebpackPlugin
<s> [webpack.Progress] 92% sealing asset processing HtmlWebpackPlugin resolve sources
<s> [webpack.Progress] 92% sealing asset processing HtmlWebpackPlugin
<s> [webpack.Progress] 92% sealing asset processing RealContentHashPlugin
<s> [webpack.Progress] 92% sealing asset processing RealContentHashPlugin
<s> [webpack.Progress] 92% sealing asset processing RealContentHashPlugin main.be479142.iframe.bundle.js generate SourceMap
<s> [webpack.Progress] 92% sealing asset processing RealContentHashPlugin main.be479142.iframe.bundle.js generated SourceMap
<s> [webpack.Progress] 92% sealing asset processing RealContentHashPlugin runtime~main.80ccd0c1.iframe.bundle.js generate SourceMap
<s> [webpack.Progress] 92% sealing asset processing RealContentHashPlugin runtime~main.80ccd0c1.iframe.bundle.js generated SourceMap
<s> [webpack.Progress] 92% sealing asset processing RealContentHashPlugin 701.b031b914.iframe.bundle.js generate SourceMap
<s> [webpack.Progress] 92% sealing asset processing RealContentHashPlugin 701.b031b914.iframe.bundle.js generated SourceMap
<s> [webpack.Progress] 92% sealing asset processing RealContentHashPlugin 745.e87e1ed9.iframe.bundle.js generate SourceMap
<s> [webpack.Progress] 92% sealing asset processing RealContentHashPlugin 745.e87e1ed9.iframe.bundle.js generated SourceMap
<s> [webpack.Progress] 92% sealing asset processing RealContentHashPlugin 551.a628d19d.iframe.bundle.js generate SourceMap
<s> [webpack.Progress] 92% sealing asset processing RealContentHashPlugin 551.a628d19d.iframe.bundle.js generated SourceMap
<s> [webpack.Progress] 92% sealing asset processing RealContentHashPlugin 725.b295946d.iframe.bundle.js generate SourceMap
<s> [webpack.Progress] 92% sealing asset processing RealContentHashPlugin 725.b295946d.iframe.bundle.js generated SourceMap
<s> [webpack.Progress] 92% sealing asset processing RealContentHashPlugin 32.9064368e.iframe.bundle.js generate SourceMap
<s> [webpack.Progress] 92% sealing asset processing RealContentHashPlugin 32.9064368e.iframe.bundle.js generated SourceMap
<s> [webpack.Progress] 92% sealing asset processing RealContentHashPlugin 210.2d566991.iframe.bundle.js generate SourceMap
<s> [webpack.Progress] 92% sealing asset processing RealContentHashPlugin 210.2d566991.iframe.bundle.js generated SourceMap
<s> [webpack.Progress] 92% sealing asset processing RealContentHashPlugin 566.96391126.iframe.bundle.js generate SourceMap
<s> [webpack.Progress] 92% sealing asset processing RealContentHashPlugin 566.96391126.iframe.bundle.js generated SourceMap
<s> [webpack.Progress] 92% sealing asset processing RealContentHashPlugin 142.7d7eb8fc.iframe.bundle.js generate SourceMap
<s> [webpack.Progress] 92% sealing asset processing RealContentHashPlugin 142.7d7eb8fc.iframe.bundle.js generated SourceMap
<s> [webpack.Progress] 92% sealing asset processing RealContentHashPlugin 193.3496175f.iframe.bundle.js generate SourceMap
<s> [webpack.Progress] 92% sealing asset processing RealContentHashPlugin 193.3496175f.iframe.bundle.js generated SourceMap
<s> [webpack.Progress] 92% sealing asset processing RealContentHashPlugin resolve sources
<s> [webpack.Progress] 92% sealing asset processing RealContentHashPlugin
<s> [webpack.Progress] 92% sealing asset processing
<s> [webpack.Progress] 93% sealing after asset optimization
<s> [webpack.Progress] 93% sealing after asset optimization
<s> [webpack.Progress] 93% sealing recording
<s> [webpack.Progress] 93% sealing recording
<s> [webpack.Progress] 94% sealing after seal
<s> [webpack.Progress] 94% sealing after seal
<s> [webpack.Progress] 95% emitting emit
<s> [webpack.Progress] 95% emitting emit
<s> [webpack.Progress] 98% emitting after emit
<s> [webpack.Progress] 98% emitting after emit SizeLimitsPlugin
<s> [webpack.Progress] 98% emitting after emit
<s> [webpack.Progress] 99% done plugins
<s> [webpack.Progress] 99% done plugins CaseSensitivePathsPlugin
<s> [webpack.Progress] 99% done plugins ForkTsCheckerWebpackPlugin
<s> [webpack.Progress] 99% done plugins
<s> [webpack.Progress] 99% 

<s> [webpack.Progress] 99% cache store build dependencies
<s> [webpack.Progress] 99% cache store build dependencies
<s> [webpack.Progress] 99% cache begin idle
<s> [webpack.Progress] 99% cache begin idle
<s> [webpack.Progress] 100% 

info => Preview built (33 s)
WARN asset size limit: The following asset(s) exceed the recommended size limit (244 KiB).
WARN This can impact web performance.
WARN Assets: 
WARN   566.96391126.iframe.bundle.js (793 KiB)
WARN   193.3496175f.iframe.bundle.js (2.66 MiB)
WARN entrypoint size limit: The following entrypoint(s) combined asset size exceeds the recommended limit (244 KiB). This can impact web performance.
WARN Entrypoints:
WARN   main (2.7 MiB)
WARN       runtime~main.80ccd0c1.iframe.bundle.js
WARN       193.3496175f.iframe.bundle.js
WARN       main.be479142.iframe.bundle.js
WARN       static/css/main.f670686b.css
WARN 
<s> [webpack.Progress] 99% cache shutdown
<s> [webpack.Progress] 99% cache shutdown
<s> [webpack.Progress] 100% 

info => Output directory: /var/folders/8g/jd8wn6z52r96_k7hmyk375540000gn/T/chromatic--46865-H0V3Upi9FF2p
